INVALID: @easy_dev991 (attempt 1)
INVALID: @easy_dev991 (attempt 2)
GIVE UP: @easy_dev991 after 2 attempts
INVALID: @engineering_path (attempt 1)
INVALID: @engineering_path (attempt 2)
GIVE UP: @engineering_path after 2 attempts
INVALID: @headOfMobile (attempt 1)
INVALID: @headOfMobile (attempt 2)
GIVE UP: @headOfMobile after 2 attempts
INVALID: @apptractor (attempt 1)
INVALID: @apptractor (attempt 2)
GIVE UP: @apptractor after 2 attempts
INVALID: @readaggregator (attempt 1)
INVALID: @readaggregator (attempt 2)
GIVE UP: @readaggregator after 2 attempts
INVALID: @Romancev768 (attempt 1)
INVALID: @Romancev768 (attempt 2)
GIVE UP: @Romancev768 after 2 attempts
INVALID: @easy_swift_task (attempt 1)
INVALID: @easy_swift_task (attempt 2)
GIVE UP: @easy_swift_task after 2 attempts
INVALID: @swift_tips (attempt 1)
INVALID: @swift_tips (attempt 2)
GIVE UP: @swift_tips after 2 attempts
INVALID: @UnknownEnglish (attempt 1)
INVALID: @UnknownEnglish (attempt 2)
GIVE UP: @UnknownEnglish after 2 attempts
INVALID: @Idiomsland (attempt 1)
INVALID: @Idiomsland (attempt 2)
GIVE UP: @Idiomsland after 2 attempts
